[debug] [2017-09-04T10:41:03.300Z] ----------------------------------------------------------------------
[debug] [2017-09-04T10:41:03.302Z] Command:       /usr/bin/nodejs /usr/bin/firebase deploy
[debug] [2017-09-04T10:41:03.302Z] CLI Version:   3.9.2
[debug] [2017-09-04T10:41:03.302Z] Platform:      linux
[debug] [2017-09-04T10:41:03.302Z] Node Version:  v7.10.0
[debug] [2017-09-04T10:41:03.303Z] Time:          Mon Sep 04 2017 12:41:03 GMT+0200 (DST)
[debug] [2017-09-04T10:41:03.303Z] ----------------------------------------------------------------------
[debug] 
[debug] [2017-09-04T10:41:03.343Z] > command requires scopes: ["email","openid","https://www.googleapis.com/auth/cloudplatformprojects.readonly","https://www.googleapis.com/auth/firebase","https://www.googleapis.com/auth/cloud-platform"]
[debug] [2017-09-04T10:41:03.344Z] > authorizing via signed-in user
[debug] [2017-09-04T10:41:03.346Z] > refreshing access token with scopes: ["email","https://www.googleapis.com/auth/cloud-platform","https://www.googleapis.com/auth/cloudplatformprojects.readonly","https://www.googleapis.com/auth/firebase","openid"]
[debug] [2017-09-04T10:41:03.346Z] >>> HTTP REQUEST POST https://www.googleapis.com/oauth2/v3/token { refresh_token: '1/AvocrSAm7NxXSpThhgRMXvp1_8BRHtlfCJa9W97_8wkV5UkY7JfuCtRbBbgKpUD-',
  client_id: '563584335869-fgrhgmd47bqnekij5i8b5pr03ho849e6.apps.googleusercontent.com',
  client_secret: 'j9iVZfS8kkCEFUPaAeJV0sAi',
  grant_type: 'refresh_token',
  scope: 'email https://www.googleapis.com/auth/cloud-platform https://www.googleapis.com/auth/cloudplatformprojects.readonly https://www.googleapis.com/auth/firebase openid' } 
 Mon Sep 04 2017 12:41:03 GMT+0200 (DST)
[debug] [2017-09-04T10:41:03.751Z] <<< HTTP RESPONSE 200
[debug] [2017-09-04T10:41:03.773Z] >>> HTTP REQUEST GET https://admin.firebase.com/v1/projects/flipcards-e7350  
 Mon Sep 04 2017 12:41:03 GMT+0200 (DST)
[debug] [2017-09-04T10:41:05.142Z] <<< HTTP RESPONSE 200
[debug] [2017-09-04T10:41:05.145Z] >>> HTTP REQUEST GET https://admin.firebase.com/v1/database/flipcards-e7350/tokens  
 Mon Sep 04 2017 12:41:05 GMT+0200 (DST)
[debug] [2017-09-04T10:41:06.681Z] <<< HTTP RESPONSE 200
[info] 
[info] === Deploying to 'flipcards-e7350'...
[info] 
[info] i  deploying database, functions, hosting
[info] ✔  database: rules ready to deploy.
[debug] [2017-09-04T10:41:10.810Z] > [functions] package.json contents: {
  "name": "functions",
  "description": "Cloud Functions for Firebase",
  "dependencies": {
    "firebase-admin": "~4.2.1",
    "firebase-functions": "^0.5.7"
  },
  "private": true
}
[info] i  functions: ensuring necessary APIs are enabled...
[info] i  runtimeconfig: ensuring necessary APIs are enabled...
[debug] [2017-09-04T10:41:10.819Z] >>> HTTP REQUEST GET https://servicemanagement.googleapis.com/v1/services/cloudfunctions.googleapis.com/projectSettings/flipcards-e7350?view=CONSUMER_VIEW  
 Mon Sep 04 2017 12:41:10 GMT+0200 (DST)
[debug] [2017-09-04T10:41:10.819Z] >>> HTTP REQUEST GET https://servicemanagement.googleapis.com/v1/services/runtimeconfig.googleapis.com/projectSettings/flipcards-e7350?view=CONSUMER_VIEW  
 Mon Sep 04 2017 12:41:10 GMT+0200 (DST)
[debug] [2017-09-04T10:41:12.241Z] <<< HTTP RESPONSE 200
[info] ✔  functions: all necessary APIs are enabled
[debug] [2017-09-04T10:41:12.247Z] <<< HTTP RESPONSE 200
[info] ✔  runtimeconfig: all necessary APIs are enabled
[debug] [2017-09-04T10:41:12.250Z] >>> HTTP REQUEST GET https://appengine.googleapis.com/v1/apps/flipcards-e7350  
 Mon Sep 04 2017 12:41:12 GMT+0200 (DST)
[debug] [2017-09-04T10:41:12.251Z] >>> HTTP REQUEST GET https://apikeys.googleapis.com/v1/projects/flipcards-e7350/apiKeys  
 Mon Sep 04 2017 12:41:12 GMT+0200 (DST)
[debug] [2017-09-04T10:41:13.246Z] <<< HTTP RESPONSE 200
[debug] [2017-09-04T10:41:13.255Z] <<< HTTP RESPONSE 200
[info] i  functions: preparing functions directory for uploading...
[debug] [2017-09-04T10:41:40.643Z] >>> HTTP REQUEST GET https://runtimeconfig.googleapis.com/v1beta1/projects/flipcards-e7350/configs  
 Mon Sep 04 2017 12:41:40 GMT+0200 (DST)
[debug] [2017-09-04T10:41:41.003Z] <<< HTTP RESPONSE 200
[info] i  hosting: preparing dist directory for upload...
[debug] [2017-09-04T10:41:41.745Z] >>> HTTP REQUEST PUT https://deploy.firebase.com/v1/hosting/flipcards-e7350/uploads/-KtBThNgamVJPXP11iTp?fileCount=25&message=  
 Mon Sep 04 2017 12:41:41 GMT+0200 (DST)
